<?xml version="1.0" encoding="UTF-8"?>
<!-- Generated by org.testng.reporters.JUnitReportReporter -->
<testsuite hostname="DESKTOP-4ON2IB0" failures="0" tests="3" name="testNgLearning.GroupsLearning" time="102.950" errors="0" timestamp="2023-03-02T12:30:15 IST" skipped="0">
  <testcase classname="testNgLearning.GroupsLearning" name="guvi" time="6.811"/>
  <system-out/>
  <testcase classname="testNgLearning.GroupsLearning" name="javaTPoint" time="87.872"/>
  <system-out/>
  <testcase classname="testNgLearning.GroupsLearning" name="guru99" time="8.267"/>
  <system-out/>
</testsuite> <!-- testNgLearning.GroupsLearning -->
