<?xml version="1.0" encoding="UTF-8"?>
<!-- Generated by org.testng.reporters.JUnitReportReporter -->
<testsuite hostname="DESKTOP-4ON2IB0" failures="0" tests="1" name="interviewQuestionPrograms.AmstrongNo" time="0.007" errors="0" timestamp="2023-03-21T17:41:37 IST" skipped="0">
  <testcase classname="interviewQuestionPrograms.AmstrongNo" name="ams" time="0.007"/>
  <system-out/>
</testsuite> <!-- interviewQuestionPrograms.AmstrongNo -->
