<?xml version="1.0" encoding="UTF-8"?>
<!-- Generated by org.testng.reporters.JUnitReportReporter -->
<testsuite hostname="DESKTOP-4ON2IB0" failures="0" tests="1" name="learningjava.NestedIf" time="9.693" errors="0" timestamp="2023-01-02T12:30:57 IST" skipped="0">
  <testcase classname="learningjava.NestedIf" name="NestedifelseLearning" time="9.693"/>
  <system-out/>
</testsuite> <!-- learningjava.NestedIf -->
