<?xml version="1.0" encoding="UTF-8"?>
<!-- Generated by org.testng.reporters.JUnitReportReporter -->
<testsuite hostname="DESKTOP-4ON2IB0" failures="0" tests="2" name="testNgLearning.CloudProviders" time="17.670" errors="0" timestamp="2023-03-02T12:30:15 IST" skipped="0">
  <testcase classname="testNgLearning.CloudProviders" name="browserStack" time="6.668"/>
  <system-out/>
  <testcase classname="testNgLearning.CloudProviders" name="lambdaTest" time="11.002"/>
  <system-out/>
</testsuite> <!-- testNgLearning.CloudProviders -->
