<?xml version="1.0" encoding="UTF-8"?>
<!-- Generated by org.testng.reporters.JUnitReportReporter -->
<testsuite hostname="DESKTOP-4ON2IB0" failures="0" tests="1" name="interviewQuestionPrograms.Vowels" time="11.018" errors="0" timestamp="2023-03-16T18:08:18 IST" skipped="0">
  <testcase classname="interviewQuestionPrograms.Vowels" name="toCountnoOfTimesVowelIsPresent" time="11.018"/>
  <system-out/>
</testsuite> <!-- interviewQuestionPrograms.Vowels -->
