<?xml version="1.0" encoding="UTF-8"?>
<!-- Generated by org.testng.reporters.JUnitReportReporter -->
<testsuite hostname="DESKTOP-4ON2IB0" failures="0" tests="2" name="testNgLearning.GroupLearning2" time="0.009" errors="0" timestamp="2023-02-10T10:49:57 IST" skipped="0">
  <testcase classname="testNgLearning.GroupLearning2" name="fruits" time="0.008"/>
  <system-out/>
  <testcase classname="testNgLearning.GroupLearning2" name="veg" time="0.001"/>
  <system-out/>
</testsuite> <!-- testNgLearning.GroupLearning2 -->
