<?xml version="1.0" encoding="UTF-8"?>
<!-- Generated by org.testng.reporters.JUnitReportReporter -->
<testsuite hostname="DESKTOP-4ON2IB0" failures="0" tests="1" name="testNgLearning.ParameterLearning" time="0.007" errors="0" timestamp="2023-02-14T10:46:00 IST" skipped="0">
  <testcase classname="testNgLearning.ParameterLearning" name="parameterLearning" time="0.007"/>
  <system-out/>
</testsuite> <!-- testNgLearning.ParameterLearning -->
