<?xml version="1.0" encoding="UTF-8"?>
<!-- Generated by org.testng.reporters.JUnitReportReporter -->
<testsuite hostname="DESKTOP-4ON2IB0" failures="0" tests="1" name="learningjava.Iterations" time="98.980" errors="0" timestamp="2023-01-02T14:32:14 IST" skipped="0">
  <testcase classname="learningjava.Iterations" name="debugLearning" time="98.980"/>
  <system-out/>
</testsuite> <!-- learningjava.Iterations -->
