<?xml version="1.0" encoding="UTF-8"?>
<!-- Generated by org.testng.reporters.JUnitReportReporter -->
<testsuite hostname="DESKTOP-4ON2IB0" failures="0" tests="1" name="interviewQuestionPrograms.Fibonacci" time="3.458" errors="0" timestamp="2023-03-21T13:18:59 IST" skipped="0">
  <testcase classname="interviewQuestionPrograms.Fibonacci" name="fb" time="3.458"/>
  <system-out/>
</testsuite> <!-- interviewQuestionPrograms.Fibonacci -->
