<?xml version="1.0" encoding="UTF-8"?>
<!-- Generated by org.testng.reporters.JUnitReportReporter -->
<testsuite hostname="DESKTOP-4ON2IB0" failures="0" tests="1" name="selenium.learning.PrintTheNumberOfLinks" time="6.739" errors="0" timestamp="2023-03-06T19:17:27 IST" skipped="0">
  <testcase classname="selenium.learning.PrintTheNumberOfLinks" name="links" time="6.739"/>
  <system-out/>
</testsuite> <!-- selenium.learning.PrintTheNumberOfLinks -->
