<?xml version="1.0" encoding="UTF-8"?>
<!-- Generated by org.testng.reporters.JUnitReportReporter -->
<testsuite hostname="DESKTOP-4ON2IB0" failures="0" tests="1" name="learningjava.ThisVsBreak" time="0.007" errors="0" timestamp="2023-01-02T15:11:00 IST" skipped="0">
  <testcase classname="learningjava.ThisVsBreak" name="continuelearning" time="0.007"/>
  <system-out/>
</testsuite> <!-- learningjava.ThisVsBreak -->
