<?xml version="1.0" encoding="UTF-8"?>
<!-- Generated by org.testng.reporters.JUnitReportReporter -->
<testsuite hostname="DESKTOP-4ON2IB0" failures="0" tests="1" name="selenium.learning.FramesLearning" time="2.655" errors="0" timestamp="2023-02-08T10:08:03 IST" skipped="0">
  <testcase classname="selenium.learning.FramesLearning" name="frames" time="2.655"/>
  <system-out/>
</testsuite> <!-- selenium.learning.FramesLearning -->
