<?xml version="1.0" encoding="UTF-8"?>
<!-- Generated by org.testng.reporters.JUnitReportReporter -->
<testsuite hostname="DESKTOP-4ON2IB0" failures="0" tests="1" name="learningjava.CondtionalStatement" time="0.007" errors="0" timestamp="2022-12-28T12:18:21 IST" skipped="0">
  <testcase classname="learningjava.CondtionalStatement" name="ifelselearning" time="0.007"/>
  <system-out/>
</testsuite> <!-- learningjava.CondtionalStatement -->
