<?xml version="1.0" encoding="UTF-8"?>
<!-- Generated by org.testng.reporters.JUnitReportReporter -->
<testsuite hostname="DESKTOP-4ON2IB0" failures="0" tests="1" name="learningjava.Whilelooplearning" time="3.725" errors="0" timestamp="2023-01-03T14:35:39 IST" skipped="0">
  <testcase classname="learningjava.Whilelooplearning" name="whilelearning" time="3.725"/>
  <system-out/>
</testsuite> <!-- learningjava.Whilelooplearning -->
