<?xml version="1.0" encoding="UTF-8"?>
<!-- Generated by org.testng.reporters.JUnitReportReporter -->
<testsuite hostname="DESKTOP-4ON2IB0" failures="0" tests="1" name="learningjava.DoWhileLoopLearning" time="1.509" errors="0" timestamp="2023-01-03T15:02:31 IST" skipped="0">
  <testcase classname="learningjava.DoWhileLoopLearning" name="dowhileloop" time="1.509"/>
  <system-out/>
</testsuite> <!-- learningjava.DoWhileLoopLearning -->
