<?xml version="1.0" encoding="UTF-8"?>
<!-- Generated by org.testng.reporters.JUnitReportReporter -->
<testsuite hostname="DESKTOP-4ON2IB0" failures="0" tests="1" name="codekatalearning.InOuQ3" time="5.288" errors="0" timestamp="2023-02-08T13:22:45 IST" skipped="0">
  <testcase classname="codekatalearning.InOuQ3" name="ip6" time="5.288"/>
  <system-out/>
</testsuite> <!-- codekatalearning.InOuQ3 -->
