<?xml version="1.0" encoding="UTF-8"?>
<!-- Generated by org.testng.reporters.JUnitReportReporter -->
<testsuite hostname="DESKTOP-4ON2IB0" failures="0" tests="1" name="selenium.learning.FileUploadingLearning" time="4.780" errors="0" timestamp="2023-03-15T11:02:09 IST" skipped="0">
  <testcase classname="selenium.learning.FileUploadingLearning" name="fileUpload" time="4.780"/>
  <system-out/>
</testsuite> <!-- selenium.learning.FileUploadingLearning -->
