<?xml version="1.0" encoding="UTF-8"?>
<!-- Generated by org.testng.reporters.JUnitReportReporter -->
<testsuite hostname="DESKTOP-4ON2IB0" failures="0" tests="3" name="excelLearning.ExcelDataProvider" time="17.803" errors="0" timestamp="2023-03-09T11:44:46 IST" skipped="0">
  <testcase classname="excelLearning.ExcelDataProvider" name="verifyTitle" time="5.546"/>
  <system-out/>
  <testcase classname="excelLearning.ExcelDataProvider" name="verifyTitle" time="6.275"/>
  <system-out/>
  <testcase classname="excelLearning.ExcelDataProvider" name="verifyTitle" time="5.982"/>
  <system-out/>
</testsuite> <!-- excelLearning.ExcelDataProvider -->
