<?xml version="1.0" encoding="UTF-8"?>
<!-- Generated by org.testng.reporters.JUnitReportReporter -->
<testsuite hostname="DESKTOP-4ON2IB0" failures="0" tests="1" name="sikuliLearning.SikiuliLearningExamples" time="13.906" errors="0" timestamp="2023-03-29T10:59:40 IST" skipped="0">
  <testcase classname="sikuliLearning.SikiuliLearningExamples" name="sikiuli" time="13.906"/>
  <system-out/>
</testsuite> <!-- sikuliLearning.SikiuliLearningExamples -->
