<?xml version="1.0" encoding="UTF-8"?>
<!-- Generated by org.testng.reporters.JUnitReportReporter -->
<testsuite hostname="DESKTOP-4ON2IB0" failures="0" tests="1" name="selenium.learning.DatePickerHandling" time="9.316" errors="0" timestamp="2023-02-01T10:53:39 IST" skipped="0">
  <testcase classname="selenium.learning.DatePickerHandling" name="dpHandling" time="9.316"/>
  <system-out/>
</testsuite> <!-- selenium.learning.DatePickerHandling -->
