<?xml version="1.0" encoding="UTF-8"?>
<!-- Generated by org.testng.reporters.JUnitReportReporter -->
<testsuite hostname="DESKTOP-4ON2IB0" failures="0" tests="1" name="javascriptLearning.JavaScriptLearnings" time="11.843" errors="0" timestamp="2023-03-20T11:34:07 IST" skipped="0">
  <testcase classname="javascriptLearning.JavaScriptLearnings" name="jsExecutor" time="11.843"/>
  <system-out/>
</testsuite> <!-- javascriptLearning.JavaScriptLearnings -->
