<?xml version="1.0" encoding="UTF-8"?>
<!-- Generated by org.testng.reporters.JUnitReportReporter -->
<testsuite hostname="DESKTOP-4ON2IB0" failures="0" tests="1" name="testNgLearning.PropertiesLearning" time="2.343" errors="0" timestamp="2023-02-15T10:34:45 IST" skipped="0">
  <testcase classname="testNgLearning.PropertiesLearning" name="propertylearning" time="2.343"/>
  <system-out/>
</testsuite> <!-- testNgLearning.PropertiesLearning -->
