<?xml version="1.0" encoding="UTF-8"?>
<!-- Generated by org.testng.reporters.JUnitReportReporter -->
<testsuite hostname="DESKTOP-4ON2IB0" failures="0" tests="1" name="learningjava.DataTypesLearning" time="0.007" errors="0" timestamp="2022-12-28T14:36:20 IST" skipped="0">
  <testcase classname="learningjava.DataTypesLearning" name="datatypes" time="0.007"/>
  <system-out/>
</testsuite> <!-- learningjava.DataTypesLearning -->
