<?xml version="1.0" encoding="UTF-8"?>
<!-- Generated by org.testng.reporters.JUnitReportReporter -->
<testsuite hostname="DESKTOP-4ON2IB0" failures="0" tests="2" name="testNgLearning.AnnotationLearning" time="0.013" errors="0" timestamp="2023-03-25T14:28:34 IST" skipped="0">
  <testcase classname="testNgLearning.AnnotationLearning" name="Test" time="0.010"/>
  <system-out/>
  <testcase classname="testNgLearning.AnnotationLearning" name="f" time="0.003"/>
  <system-out/>
</testsuite> <!-- testNgLearning.AnnotationLearning -->
