<?xml version="1.0" encoding="UTF-8"?>
<!-- Generated by org.testng.reporters.JUnitReportReporter -->
<testsuite hostname="DESKTOP-4ON2IB0" failures="0" tests="1" name="learningjava.OperatorsLearning" time="0.009" errors="0" timestamp="2022-12-28T14:54:55 IST" skipped="0">
  <testcase classname="learningjava.OperatorsLearning" name="operators" time="0.009"/>
  <system-out/>
</testsuite> <!-- learningjava.OperatorsLearning -->
