<?xml version="1.0" encoding="UTF-8"?>
<!-- Generated by org.testng.reporters.JUnitReportReporter -->
<testsuite hostname="DESKTOP-4ON2IB0" failures="0" tests="1" name="codekatalearning.Qno12inAB" time="3.268" errors="0" timestamp="2023-01-30T20:00:39 IST" skipped="0">
  <testcase classname="codekatalearning.Qno12inAB" name="doubt" time="3.268"/>
  <system-out/>
</testsuite> <!-- codekatalearning.Qno12inAB -->
