<?xml version="1.0" encoding="UTF-8"?>
<!-- Generated by org.testng.reporters.JUnitReportReporter -->
<testsuite hostname="DESKTOP-4ON2IB0" failures="0" tests="1" name="interviewQuestionPrograms.OddNumbers" time="2.304" errors="0" timestamp="2023-03-16T17:33:40 IST" skipped="0">
  <testcase classname="interviewQuestionPrograms.OddNumbers" name="oddUsingScanner" time="2.304"/>
  <system-out/>
</testsuite> <!-- interviewQuestionPrograms.OddNumbers -->
