<?xml version="1.0" encoding="UTF-8"?>
<!-- Generated by org.testng.reporters.JUnitReportReporter -->
<testsuite hostname="DESKTOP-4ON2IB0" failures="0" tests="1" name="learningjava.IfElseLearnings" time="8.000" errors="0" timestamp="2023-01-02T12:43:51 IST" skipped="0">
  <testcase classname="learningjava.IfElseLearnings" name="ifelseLearning" time="8.000"/>
  <system-out/>
</testsuite> <!-- learningjava.IfElseLearnings -->
