<?xml version="1.0" encoding="UTF-8"?>
<!-- Generated by org.testng.reporters.JUnitReportReporter -->
<testsuite hostname="DESKTOP-4ON2IB0" failures="0" tests="1" name="collections.CollectionsLearning" time="0.009" errors="0" timestamp="2023-03-02T10:53:35 IST" skipped="0">
  <testcase classname="collections.CollectionsLearning" name="count" time="0.009"/>
  <system-out/>
</testsuite> <!-- collections.CollectionsLearning -->
