<?xml version="1.0" encoding="UTF-8"?>
<!-- Generated by org.testng.reporters.JUnitReportReporter -->
<testsuite hostname="DESKTOP-4ON2IB0" failures="0" tests="1" name="codekatalearning.Absolute16" time="6.341" errors="0" timestamp="2023-02-28T13:09:09 IST" skipped="0">
  <testcase classname="codekatalearning.Absolute16" name="abc" time="6.341"/>
  <system-out/>
</testsuite> <!-- codekatalearning.Absolute16 -->
