<?xml version="1.0" encoding="UTF-8"?>
<!-- Generated by org.testng.reporters.JUnitReportReporter -->
<testsuite hostname="DESKTOP-4ON2IB0" failures="0" tests="1" name="interviewQuestionPrograms.ArraySorting" time="0.009" errors="0" timestamp="2023-03-21T18:06:17 IST" skipped="0">
  <testcase classname="interviewQuestionPrograms.ArraySorting" name="sort" time="0.009"/>
  <system-out/>
</testsuite> <!-- interviewQuestionPrograms.ArraySorting -->
