<?xml version="1.0" encoding="UTF-8"?>
<!-- Generated by org.testng.reporters.JUnitReportReporter -->
<testsuite hostname="DESKTOP-4ON2IB0" failures="0" tests="4" name="testNgLearning.TestClass" time="19.139" errors="0" timestamp="2023-02-09T11:48:44 IST" skipped="0">
  <testcase classname="testNgLearning.TestClass" name="testCase4" time="4.870"/>
  <system-out/>
  <testcase classname="testNgLearning.TestClass" name="testCase2" time="5.148"/>
  <system-out/>
  <testcase classname="testNgLearning.TestClass" name="testCase1" time="4.634"/>
  <system-out/>
  <testcase classname="testNgLearning.TestClass" name="testCase3" time="4.487"/>
  <system-out/>
</testsuite> <!-- testNgLearning.TestClass -->
