<?xml version="1.0" encoding="UTF-8"?>
<!-- Generated by org.testng.reporters.JUnitReportReporter -->
<testsuite hostname="DESKTOP-4ON2IB0" failures="0" tests="1" name="selenium.learning.TablesHandling" time="46.785" errors="0" timestamp="2023-02-28T19:30:18 IST" skipped="0">
  <testcase classname="selenium.learning.TablesHandling" name="webTableNameCol" time="46.785"/>
  <system-out/>
</testsuite> <!-- selenium.learning.TablesHandling -->
