<?xml version="1.0" encoding="UTF-8"?>
<!-- Generated by org.testng.reporters.JUnitReportReporter -->
<testsuite hostname="DESKTOP-4ON2IB0" failures="0" tests="1" name="selenium.learning.CSSLocatorLearnings" time="2.724" errors="0" timestamp="2023-03-15T11:50:47 IST" skipped="0">
  <testcase classname="selenium.learning.CSSLocatorLearnings" name="cssLearning" time="2.724"/>
  <system-out/>
</testsuite> <!-- selenium.learning.CSSLocatorLearnings -->
