<?xml version="1.0" encoding="UTF-8"?>
<!-- Generated by org.testng.reporters.JUnitReportReporter -->
<testsuite hostname="DESKTOP-4ON2IB0" failures="0" tests="1" name="learningjava.EvenNoUsingArray" time="0.026" errors="0" timestamp="2023-03-16T14:56:59 IST" skipped="0">
  <testcase classname="learningjava.EvenNoUsingArray" name="primenumbersby" time="0.026"/>
  <system-out/>
</testsuite> <!-- learningjava.EvenNoUsingArray -->
