<?xml version="1.0" encoding="UTF-8"?>
<!-- Generated by org.testng.reporters.JUnitReportReporter -->
<testsuite hostname="DESKTOP-4ON2IB0" failures="0" tests="8" name="testNgLearning.ArithmeticOperations" time="0.029" errors="0" timestamp="2023-02-10T11:33:49 IST" skipped="0">
  <testcase classname="testNgLearning.ArithmeticOperations" name="mulThreeNo" time="0.002"/>
  <system-out/>
  <testcase classname="testNgLearning.ArithmeticOperations" name="mulTwoNo" time="0.002"/>
  <system-out/>
  <testcase classname="testNgLearning.ArithmeticOperations" name="subThreeNo" time="0.001"/>
  <system-out/>
  <testcase classname="testNgLearning.ArithmeticOperations" name="sumThreeNo" time="0.001"/>
  <system-out/>
  <testcase classname="testNgLearning.ArithmeticOperations" name="divTwoNo" time="0.002"/>
  <system-out/>
  <testcase classname="testNgLearning.ArithmeticOperations" name="sumTwoNo" time="0.001"/>
  <system-out/>
  <testcase classname="testNgLearning.ArithmeticOperations" name="divThreeNo" time="0.018"/>
  <system-out/>
  <testcase classname="testNgLearning.ArithmeticOperations" name="subTwoNo" time="0.002"/>
  <system-out/>
</testsuite> <!-- testNgLearning.ArithmeticOperations -->
