<?xml version="1.0" encoding="UTF-8"?>
<!-- Generated by org.testng.reporters.JUnitReportReporter -->
<testsuite hostname="DESKTOP-4ON2IB0" failures="0" tests="1" name="selenium.learning.DropdownHandling" time="1.890" errors="0" timestamp="2023-01-24T10:55:49 IST" skipped="0">
  <testcase classname="selenium.learning.DropdownHandling" name="multipledd" time="1.890"/>
  <system-out/>
</testsuite> <!-- selenium.learning.DropdownHandling -->
