<?xml version="1.0" encoding="UTF-8"?>
<!-- Generated by org.testng.reporters.JUnitReportReporter -->
<testsuite hostname="DESKTOP-4ON2IB0" failures="0" tests="1" name="selenium.learning.SwitchWindowsLearning" time="4.705" errors="0" timestamp="2023-02-07T10:49:55 IST" skipped="0">
  <testcase classname="selenium.learning.SwitchWindowsLearning" name="switchWindowLearning" time="4.705"/>
  <system-out/>
</testsuite> <!-- selenium.learning.SwitchWindowsLearning -->
