<?xml version="1.0" encoding="UTF-8"?>
<!-- Generated by org.testng.reporters.JUnitReportReporter -->
<testsuite hostname="DESKTOP-4ON2IB0" failures="0" tests="1" name="assignments.Assigsnments" time="24.167" errors="0" timestamp="2023-04-03T16:57:24 IST" skipped="0">
  <testcase classname="assignments.Assigsnments" name="ccww" time="24.167"/>
  <system-out/>
</testsuite> <!-- assignments.Assigsnments -->
