<?xml version="1.0" encoding="UTF-8"?>
<!-- Generated by org.testng.reporters.JUnitReportReporter -->
<testsuite hostname="DESKTOP-4ON2IB0" failures="0" tests="1" name="assignments.HashMapLearningAssignments" time="0.008" errors="0" timestamp="2023-03-23T10:18:48 IST" skipped="0">
  <testcase classname="assignments.HashMapLearningAssignments" name="copyHashMap" time="0.008"/>
  <system-out/>
</testsuite> <!-- assignments.HashMapLearningAssignments -->
