<?xml version="1.0" encoding="UTF-8"?>
<!-- Generated by org.testng.reporters.JUnitReportReporter -->
<testsuite hostname="DESKTOP-4ON2IB0" failures="0" tests="1" name="program.learning.ArraySortings" time="0.006" errors="0" timestamp="2023-01-09T17:32:34 IST" skipped="0">
  <testcase classname="program.learning.ArraySortings" name="sort" time="0.006"/>
  <system-out/>
</testsuite> <!-- program.learning.ArraySortings -->
