<?xml version="1.0" encoding="UTF-8"?>
<!-- Generated by org.testng.reporters.JUnitReportReporter -->
<testsuite hostname="DESKTOP-4ON2IB0" failures="0" tests="2" name="learningjava.VariableType" time="0.011" errors="0" timestamp="2022-12-28T15:09:12 IST" skipped="0">
  <testcase classname="learningjava.VariableType" name="Sum" time="0.009"/>
  <system-out/>
  <testcase classname="learningjava.VariableType" name="Sum1" time="0.002"/>
  <system-out/>
</testsuite> <!-- learningjava.VariableType -->
