<?xml version="1.0" encoding="UTF-8"?>
<!-- Generated by org.testng.reporters.JUnitReportReporter -->
<testsuite hostname="DESKTOP-4ON2IB0" failures="0" tests="1" name="assignments.ReverseStringW" time="5.123" errors="0" timestamp="2023-02-28T11:07:21 IST" skipped="0">
  <testcase classname="assignments.ReverseStringW" name="reverse" time="5.123"/>
  <system-out/>
</testsuite> <!-- assignments.ReverseStringW -->
