<?xml version="1.0" encoding="UTF-8"?>
<!-- Generated by org.testng.reporters.JUnitReportReporter -->
<testsuite hostname="DESKTOP-4ON2IB0" failures="0" tests="1" name="excelLearning.ExcelLearning" time="0.619" errors="0" timestamp="2023-02-15T11:29:41 IST" skipped="0">
  <testcase classname="excelLearning.ExcelLearning" name="excelLearn" time="0.619"/>
  <system-out/>
</testsuite> <!-- excelLearning.ExcelLearning -->
