<?xml version="1.0" encoding="UTF-8"?>
<!-- Generated by org.testng.reporters.JUnitReportReporter -->
<testsuite hostname="DESKTOP-4ON2IB0" failures="0" tests="1" name="actions.DragAndDrop" time="4.212" errors="0" timestamp="2023-02-07T09:42:53 IST" skipped="0">
  <testcase classname="actions.DragAndDrop" name="VerticalSliderLearning" time="4.212"/>
  <system-out/>
</testsuite> <!-- actions.DragAndDrop -->
