<?xml version="1.0" encoding="UTF-8"?>
<!-- Generated by org.testng.reporters.JUnitReportReporter -->
<testsuite hostname="DESKTOP-4ON2IB0" failures="0" tests="1" name="interviewQuestionPrograms.SwappingWithoutTemp" time="0.008" errors="0" timestamp="2023-03-16T15:04:30 IST" skipped="0">
  <testcase classname="interviewQuestionPrograms.SwappingWithoutTemp" name="prime" time="0.008"/>
  <system-out/>
</testsuite> <!-- interviewQuestionPrograms.SwappingWithoutTemp -->
