<?xml version="1.0" encoding="UTF-8"?>
<!-- Generated by org.testng.reporters.JUnitReportReporter -->
<testsuite hostname="DESKTOP-4ON2IB0" failures="0" tests="1" name="selenium.learning.ScreenShotLearnings" time="21.045" errors="0" timestamp="2023-03-16T10:54:26 IST" skipped="0">
  <testcase classname="selenium.learning.ScreenShotLearnings" name="takeScreenShot" time="21.045"/>
  <system-out/>
</testsuite> <!-- selenium.learning.ScreenShotLearnings -->
