<?xml version="1.0" encoding="UTF-8"?>
<!-- Generated by org.testng.reporters.JUnitReportReporter -->
<testsuite hostname="DESKTOP-4ON2IB0" failures="0" tests="1" name="learningjava.ConditionalStatementSwitch" time="21.336" errors="0" timestamp="2023-01-02T13:37:46 IST" skipped="0">
  <testcase classname="learningjava.ConditionalStatementSwitch" name="switchLearning" time="21.336"/>
  <system-out/>
</testsuite> <!-- learningjava.ConditionalStatementSwitch -->
