<?xml version="1.0" encoding="UTF-8"?>
<!-- Generated by org.testng.reporters.JUnitReportReporter -->
<testsuite hostname="DESKTOP-4ON2IB0" failures="0" tests="8" name="testNgLearning.PrriorityTestNg" time="0.025" errors="0" timestamp="2023-02-10T11:37:51 IST" skipped="0">
  <testcase classname="testNgLearning.PrriorityTestNg" name="mulThreeNo" time="0.015"/>
  <system-out/>
  <testcase classname="testNgLearning.PrriorityTestNg" name="divThreeNo" time="0.003"/>
  <system-out/>
  <testcase classname="testNgLearning.PrriorityTestNg" name="sumTwoNo" time="0.000"/>
  <system-out/>
  <testcase classname="testNgLearning.PrriorityTestNg" name="subTwoNo" time="0.002"/>
  <system-out/>
  <testcase classname="testNgLearning.PrriorityTestNg" name="divTwoNo" time="0.002"/>
  <system-out/>
  <testcase classname="testNgLearning.PrriorityTestNg" name="mulTwoNo" time="0.001"/>
  <system-out/>
  <testcase classname="testNgLearning.PrriorityTestNg" name="sumThreeNo" time="0.001"/>
  <system-out/>
  <testcase classname="testNgLearning.PrriorityTestNg" name="subThreeNo" time="0.001"/>
  <system-out/>
</testsuite> <!-- testNgLearning.PrriorityTestNg -->
