<?xml version="1.0" encoding="UTF-8"?>
<!-- Generated by org.testng.reporters.JUnitReportReporter -->
<testsuite hostname="DESKTOP-4ON2IB0" failures="0" tests="1" name="interviewQuestionPrograms.Palindrome" time="3.104" errors="0" timestamp="2023-03-16T16:03:19 IST" skipped="0">
  <testcase classname="interviewQuestionPrograms.Palindrome" name="plaindromeOfString" time="3.104"/>
  <system-out/>
</testsuite> <!-- interviewQuestionPrograms.Palindrome -->
