<?xml version="1.0" encoding="UTF-8"?>
<!-- Generated by org.testng.reporters.JUnitReportReporter -->
<testsuite hostname="DESKTOP-4ON2IB0" failures="0" tests="1" name="codekatalearning.Qno2inAB" time="9.689" errors="0" timestamp="2023-03-16T15:37:45 IST" skipped="0">
  <testcase classname="codekatalearning.Qno2inAB" name="basicno1" time="9.689"/>
  <system-out/>
</testsuite> <!-- codekatalearning.Qno2inAB -->
