<?xml version="1.0" encoding="UTF-8"?>
<!-- Generated by org.testng.reporters.JUnitReportReporter -->
<testsuite hostname="DESKTOP-4ON2IB0" failures="0" tests="1" name="learningjava.LearningDebug" time="0.006" errors="0" timestamp="2023-01-02T14:52:22 IST" skipped="0">
  <testcase classname="learningjava.LearningDebug" name="debuglearnings" time="0.006"/>
  <system-out/>
</testsuite> <!-- learningjava.LearningDebug -->
